-------------------------------------------------------------------------------
Test set: com.crc.eurekaconsumer.EurekaConsumerApplicationTests
-------------------------------------------------------------------------------
Tests run: 1, Failures: 0, Errors: 1, Skipped: 0, Time elapsed: 14.023 s <<< FAILURE! - in com.crc.eurekaconsumer.EurekaConsumerApplicationTests
contextLoads(com.crc.eurekaconsumer.EurekaConsumerApplicationTests)  Time elapsed: 0.001 s  <<< ERROR!
java.lang.IllegalStateException: Failed to load ApplicationContext
Caused by: org.springframework.beans.factory.UnsatisfiedDependencyException: Error creating bean with name 'eurekaConsumerApplication': Unsatisfied dependency expressed through field 'feignService'; nested exception is org.springframework.beans.factory.NoSuchBeanDefinitionException: No qualifying bean of type 'com.crc.eurekaconsumer.FeignService' available: expected at least 1 bean which qualifies as autowire candidate. Dependency annotations: {@org.springframework.beans.factory.annotation.Autowired(required=true)}
Caused by: org.springframework.beans.factory.NoSuchBeanDefinitionException: No qualifying bean of type 'com.crc.eurekaconsumer.FeignService' available: expected at least 1 bean which qualifies as autowire candidate. Dependency annotations: {@org.springframework.beans.factory.annotation.Autowired(required=true)}

